#! /c/Source/iverilog-install/bin/vvp
:ivl_version "12.0 (devel)" "(s20150603-1539-g2693dd32b)";
:ivl_delay_selection "TYPICAL";
:vpi_time_precision - 12;
:vpi_module "C:\iverilog\lib\ivl\system.vpi";
:vpi_module "C:\iverilog\lib\ivl\vhdl_sys.vpi";
:vpi_module "C:\iverilog\lib\ivl\vhdl_textio.vpi";
:vpi_module "C:\iverilog\lib\ivl\v2005_math.vpi";
:vpi_module "C:\iverilog\lib\ivl\va_math.vpi";
S_000002d397d6be50 .scope module, "tb_lidar" "tb_lidar" 2 3;
 .timescale -9 -12;
P_000002d397c2b010 .param/l "DATA_WIDTH" 0 2 8, +C4<00000000000000000000000000010000>;
v000002d397ca8180_0 .var "clk", 0 0;
v000002d397ca76e0_0 .var "data_valid_in", 0 0;
v000002d397ca80e0_0 .var "raw_r_in", 15 0;
v000002d397ca8040_0 .var/s "raw_z_in", 15 0;
v000002d397ca8220_0 .net "result_valid", 0 0, v000002d397ca4fe0_0;  1 drivers
v000002d397ca85e0_0 .var "rst_n", 0 0;
v000002d397ca78c0_0 .net "segmentation_result", 0 0, v000002d397ca4f40_0;  1 drivers
E_000002d397c2b190 .event posedge, v000002d397c2f470_0;
S_000002d397c2f5b0 .scope module, "uut" "lidar_ground_segmentation_top" 2 24, 3 87 0, S_000002d397d6be50;
 .timescale 0 0;
    .port_info 0 /INPUT 1 "clk";
    .port_info 1 /INPUT 1 "rst_n";
    .port_info 2 /INPUT 1 "data_valid_in";
    .port_info 3 /INPUT 16 "raw_z_in";
    .port_info 4 /INPUT 16 "raw_r_in";
    .port_info 5 /OUTPUT 1 "segmentation_result";
    .port_info 6 /OUTPUT 1 "result_valid";
P_000002d397c2b6d0 .param/l "DATA_WIDTH" 0 3 87, +C4<00000000000000000000000000010000>;
v000002d397ca51c0_0 .net "buffer_valid", 0 0, v000002d397c3dc70_0;  1 drivers
v000002d397ca5620_0 .net "clk", 0 0, v000002d397ca8180_0;  1 drivers
v000002d397ca5760_0 .net "data_valid_in", 0 0, v000002d397ca76e0_0;  1 drivers
v000002d397ca5800_0 .net "filter_valid", 0 0, v000002d397ca4b80_0;  1 drivers
v000002d397ca5260_0 .net "filtered_z", 15 0, v000002d397c37530_0;  1 drivers
v000002d397ca5300_0 .net "raw_r_in", 15 0, v000002d397ca80e0_0;  1 drivers
v000002d397ca7dc0_0 .net "raw_z_in", 15 0, v000002d397ca8040_0;  1 drivers
v000002d397ca7780_0 .net "result_valid", 0 0, v000002d397ca4fe0_0;  alias, 1 drivers
v000002d397ca71e0_0 .net "rst_n", 0 0, v000002d397ca85e0_0;  1 drivers
v000002d397ca7820_0 .net "segmentation_result", 0 0, v000002d397ca4f40_0;  alias, 1 drivers
v000002d397ca6c40_0 .net "w_p0", 15 0, v000002d397c33b10_0;  1 drivers
v000002d397ca7b40_0 .net "w_p1", 15 0, v000002d397c33bb0_0;  1 drivers
v000002d397ca7be0_0 .net "w_p2", 15 0, v000002d397c33c50_0;  1 drivers
v000002d397ca8680_0 .net "w_p3", 15 0, v000002d397c3d9f0_0;  1 drivers
v000002d397ca87c0_0 .net "w_p4", 15 0, v000002d397c3da90_0;  1 drivers
S_000002d397c2f110 .scope module, "u_buffer" "window_buffer" 3 100, 3 4 0, S_000002d397c2f5b0;
 .timescale 0 0;
    .port_info 0 /INPUT 1 "clk";
    .port_info 1 /INPUT 1 "rst_n";
    .port_info 2 /INPUT 1 "valid_in";
    .port_info 3 /INPUT 16 "data_in";
    .port_info 4 /OUTPUT 16 "p0";
    .port_info 5 /OUTPUT 16 "p1";
    .port_info 6 /OUTPUT 16 "p2";
    .port_info 7 /OUTPUT 16 "p3";
    .port_info 8 /OUTPUT 16 "p4";
    .port_info 9 /OUTPUT 1 "valid_out";
P_000002d397c2bd50 .param/l "DATA_WIDTH" 0 3 4, +C4<00000000000000000000000000010000>;
v000002d397c2f470_0 .net "clk", 0 0, v000002d397ca8180_0;  alias, 1 drivers
v000002d397d671e0_0 .var "counter", 2 0;
v000002d397d67600_0 .net "data_in", 15 0, v000002d397ca8040_0;  alias, 1 drivers
v000002d397c33b10_0 .var "p0", 15 0;
v000002d397c33bb0_0 .var "p1", 15 0;
v000002d397c33c50_0 .var "p2", 15 0;
v000002d397c3d9f0_0 .var "p3", 15 0;
v000002d397c3da90_0 .var "p4", 15 0;
v000002d397c3db30_0 .net "rst_n", 0 0, v000002d397ca85e0_0;  alias, 1 drivers
v000002d397c3dbd0_0 .net "valid_in", 0 0, v000002d397ca76e0_0;  alias, 1 drivers
v000002d397c3dc70_0 .var "valid_out", 0 0;
E_000002d397c2aed0/0 .event negedge, v000002d397c3db30_0;
E_000002d397c2aed0/1 .event posedge, v000002d397c2f470_0;
E_000002d397c2aed0 .event/or E_000002d397c2aed0/0, E_000002d397c2aed0/1;
S_000002d397c373a0 .scope module, "u_filter" "savitzky_golay_filter" 3 106, 3 28 0, S_000002d397c2f5b0;
 .timescale 0 0;
    .port_info 0 /INPUT 1 "clk";
    .port_info 1 /INPUT 1 "rst_n";
    .port_info 2 /INPUT 1 "valid_in";
    .port_info 3 /INPUT 16 "p0";
    .port_info 4 /INPUT 16 "p1";
    .port_info 5 /INPUT 16 "p2";
    .port_info 6 /INPUT 16 "p3";
    .port_info 7 /INPUT 16 "p4";
    .port_info 8 /OUTPUT 16 "filtered_val";
    .port_info 9 /OUTPUT 1 "valid_out";
P_000002d397c2ae90 .param/l "DATA_WIDTH" 0 3 28, +C4<00000000000000000000000000010000>;
v000002d397c3ddc0_0 .net "clk", 0 0, v000002d397ca8180_0;  alias, 1 drivers
v000002d397c37530_0 .var/s "filtered_val", 15 0;
v000002d397c375d0_0 .net/s "p0", 15 0, v000002d397c33b10_0;  alias, 1 drivers
v000002d397ca4a40_0 .net/s "p1", 15 0, v000002d397c33bb0_0;  alias, 1 drivers
v000002d397ca4ae0_0 .net/s "p2", 15 0, v000002d397c33c50_0;  alias, 1 drivers
v000002d397ca4900_0 .net/s "p3", 15 0, v000002d397c3d9f0_0;  alias, 1 drivers
v000002d397ca5080_0 .net/s "p4", 15 0, v000002d397c3da90_0;  alias, 1 drivers
v000002d397ca4d60_0 .net "rst_n", 0 0, v000002d397ca85e0_0;  alias, 1 drivers
v000002d397ca49a0_0 .var/s "sum", 21 0;
v000002d397ca53a0_0 .net "valid_in", 0 0, v000002d397c3dc70_0;  alias, 1 drivers
v000002d397ca4b80_0 .var "valid_out", 0 0;
S_000002d397c37670 .scope module, "u_seg" "segmentation_logic" 3 114, 3 50 0, S_000002d397c2f5b0;
 .timescale 0 0;
    .port_info 0 /INPUT 1 "clk";
    .port_info 1 /INPUT 1 "rst_n";
    .port_info 2 /INPUT 1 "valid_in";
    .port_info 3 /INPUT 16 "current_z";
    .port_info 4 /INPUT 16 "current_r";
    .port_info 5 /OUTPUT 1 "is_ground";
    .port_info 6 /OUTPUT 1 "valid_out";
P_000002d397c51140 .param/l "DATA_WIDTH" 0 3 50, +C4<00000000000000000000000000010000>;
P_000002d397c51178 .param/l "SLOPE_THRESHOLD" 0 3 50, +C4<00000000000000000000000000001000>;
v000002d397ca4c20_0 .net "clk", 0 0, v000002d397ca8180_0;  alias, 1 drivers
v000002d397ca5580_0 .net "current_r", 15 0, v000002d397ca80e0_0;  alias, 1 drivers
v000002d397ca5120_0 .net/s "current_z", 15 0, v000002d397c37530_0;  alias, 1 drivers
v000002d397ca5440_0 .var "delta_r", 15 0;
v000002d397ca4cc0_0 .var "delta_z", 15 0;
v000002d397ca4f40_0 .var "is_ground", 0 0;
v000002d397ca4e00_0 .var "prev_r", 15 0;
v000002d397ca54e0_0 .var/s "prev_z", 15 0;
v000002d397ca4ea0_0 .net "rst_n", 0 0, v000002d397ca85e0_0;  alias, 1 drivers
v000002d397ca56c0_0 .net "valid_in", 0 0, v000002d397ca4b80_0;  alias, 1 drivers
v000002d397ca4fe0_0 .var "valid_out", 0 0;
    .scope S_000002d397c2f110;
T_0 ;
    %wait E_000002d397c2aed0;
    %load/vec4 v000002d397c3db30_0;
    %nor/r;
    %flag_set/vec4 8;
    %jmp/0xz  T_0.0, 8;
    %pushi/vec4 0, 0, 16;
    %assign/vec4 v000002d397c33b10_0, 0;
    %pushi/vec4 0, 0, 16;
    %assign/vec4 v000002d397c33bb0_0, 0;
    %pushi/vec4 0, 0, 16;
    %assign/vec4 v000002d397c33c50_0, 0;
    %pushi/vec4 0, 0, 16;
    %assign/vec4 v000002d397c3d9f0_0, 0;
    %pushi/vec4 0, 0, 16;
    %assign/vec4 v000002d397c3da90_0, 0;
    %pushi/vec4 0, 0, 1;
    %assign/vec4 v000002d397c3dc70_0, 0;
    %pushi/vec4 0, 0, 3;
    %assign/vec4 v000002d397d671e0_0, 0;
    %jmp T_0.1;
T_0.0 ;
    %load/vec4 v000002d397c3dbd0_0;
    %flag_set/vec4 8;
    %jmp/0xz  T_0.2, 8;
    %load/vec4 v000002d397c3d9f0_0;
    %assign/vec4 v000002d397c3da90_0, 0;
    %load/vec4 v000002d397c33c50_0;
    %assign/vec4 v000002d397c3d9f0_0, 0;
    %load/vec4 v000002d397c33bb0_0;
    %assign/vec4 v000002d397c33c50_0, 0;
    %load/vec4 v000002d397c33b10_0;
    %assign/vec4 v000002d397c33bb0_0, 0;
    %load/vec4 v000002d397d67600_0;
    %assign/vec4 v000002d397c33b10_0, 0;
    %load/vec4 v000002d397d671e0_0;
    %pad/u 32;
    %cmpi/u 5, 0, 32;
    %jmp/0xz  T_0.4, 5;
    %load/vec4 v000002d397d671e0_0;
    %addi 1, 0, 3;
    %assign/vec4 v000002d397d671e0_0, 0;
    %jmp T_0.5;
T_0.4 ;
    %pushi/vec4 1, 0, 1;
    %assign/vec4 v000002d397c3dc70_0, 0;
T_0.5 ;
T_0.2 ;
T_0.1 ;
    %jmp T_0;
    .thread T_0;
    .scope S_000002d397c373a0;
T_1 ;
    %wait E_000002d397c2aed0;
    %load/vec4 v000002d397ca4d60_0;
    %nor/r;
    %flag_set/vec4 8;
    %jmp/0xz  T_1.0, 8;
    %pushi/vec4 0, 0, 22;
    %assign/vec4 v000002d397ca49a0_0, 0;
    %pushi/vec4 0, 0, 16;
    %assign/vec4 v000002d397c37530_0, 0;
    %pushi/vec4 0, 0, 1;
    %assign/vec4 v000002d397ca4b80_0, 0;
    %jmp T_1.1;
T_1.0 ;
    %load/vec4 v000002d397ca53a0_0;
    %flag_set/vec4 8;
    %jmp/0xz  T_1.2, 8;
    %load/vec4 v000002d397ca4ae0_0;
    %pad/s 22;
    %muli 17, 0, 22;
    %load/vec4 v000002d397ca4900_0;
    %pad/s 22;
    %muli 12, 0, 22;
    %add;
    %load/vec4 v000002d397ca4a40_0;
    %pad/s 22;
    %muli 12, 0, 22;
    %add;
    %load/vec4 v000002d397ca5080_0;
    %pad/s 22;
    %muli 3, 0, 22;
    %sub;
    %load/vec4 v000002d397c375d0_0;
    %pad/s 22;
    %muli 3, 0, 22;
    %sub;
    %assign/vec4 v000002d397ca49a0_0, 0;
    %load/vec4 v000002d397ca49a0_0;
    %ix/load 4, 5, 0;
    %flag_set/imm 4, 0;
    %shiftr/s 4;
    %pad/s 16;
    %assign/vec4 v000002d397c37530_0, 0;
    %pushi/vec4 1, 0, 1;
    %assign/vec4 v000002d397ca4b80_0, 0;
    %jmp T_1.3;
T_1.2 ;
    %pushi/vec4 0, 0, 1;
    %assign/vec4 v000002d397ca4b80_0, 0;
T_1.3 ;
T_1.1 ;
    %jmp T_1;
    .thread T_1;
    .scope S_000002d397c37670;
T_2 ;
    %wait E_000002d397c2aed0;
    %load/vec4 v000002d397ca4ea0_0;
    %nor/r;
    %flag_set/vec4 8;
    %jmp/0xz  T_2.0, 8;
    %pushi/vec4 0, 0, 16;
    %assign/vec4 v000002d397ca54e0_0, 0;
    %pushi/vec4 0, 0, 16;
    %assign/vec4 v000002d397ca4e00_0, 0;
    %pushi/vec4 0, 0, 1;
    %assign/vec4 v000002d397ca4f40_0, 0;
    %pushi/vec4 0, 0, 1;
    %assign/vec4 v000002d397ca4fe0_0, 0;
    %jmp T_2.1;
T_2.0 ;
    %load/vec4 v000002d397ca56c0_0;
    %flag_set/vec4 8;
    %jmp/0xz  T_2.2, 8;
    %load/vec4 v000002d397ca5120_0;
    %assign/vec4 v000002d397ca54e0_0, 0;
    %load/vec4 v000002d397ca5580_0;
    %assign/vec4 v000002d397ca4e00_0, 0;
    %load/vec4 v000002d397ca54e0_0;
    %load/vec4 v000002d397ca5120_0;
    %cmp/s;
    %flag_mov 8, 5;
    %jmp/0 T_2.4, 8;
    %load/vec4 v000002d397ca5120_0;
    %load/vec4 v000002d397ca54e0_0;
    %sub;
    %jmp/1 T_2.5, 8;
T_2.4 ; End of true expr.
    %load/vec4 v000002d397ca54e0_0;
    %load/vec4 v000002d397ca5120_0;
    %sub;
    %jmp/0 T_2.5, 8;
 ; End of false expr.
    %blend;
T_2.5;
    %store/vec4 v000002d397ca4cc0_0, 0, 16;
    %load/vec4 v000002d397ca4e00_0;
    %load/vec4 v000002d397ca5580_0;
    %cmp/u;
    %flag_mov 8, 5;
    %jmp/0 T_2.6, 8;
    %load/vec4 v000002d397ca5580_0;
    %load/vec4 v000002d397ca4e00_0;
    %sub;
    %jmp/1 T_2.7, 8;
T_2.6 ; End of true expr.
    %load/vec4 v000002d397ca4e00_0;
    %load/vec4 v000002d397ca5580_0;
    %sub;
    %jmp/0 T_2.7, 8;
 ; End of false expr.
    %blend;
T_2.7;
    %store/vec4 v000002d397ca5440_0, 0, 16;
    %load/vec4 v000002d397ca4cc0_0;
    %pad/u 32;
    %load/vec4 v000002d397ca5440_0;
    %pad/u 32;
    %muli 8, 0, 32;
    %cmp/u;
    %jmp/0xz  T_2.8, 5;
    %pushi/vec4 1, 0, 1;
    %assign/vec4 v000002d397ca4f40_0, 0;
    %jmp T_2.9;
T_2.8 ;
    %pushi/vec4 0, 0, 1;
    %assign/vec4 v000002d397ca4f40_0, 0;
T_2.9 ;
    %pushi/vec4 1, 0, 1;
    %assign/vec4 v000002d397ca4fe0_0, 0;
    %jmp T_2.3;
T_2.2 ;
    %pushi/vec4 0, 0, 1;
    %assign/vec4 v000002d397ca4fe0_0, 0;
T_2.3 ;
T_2.1 ;
    %jmp T_2;
    .thread T_2;
    .scope S_000002d397d6be50;
T_3 ;
    %delay 5000, 0;
    %load/vec4 v000002d397ca8180_0;
    %inv;
    %store/vec4 v000002d397ca8180_0, 0, 1;
    %jmp T_3;
    .thread T_3;
    .scope S_000002d397d6be50;
T_4 ;
    %vpi_call 2 46 "$dumpfile", "rezultate.vcd" {0 0 0};
    %vpi_call 2 47 "$dumpvars", 32'sb00000000000000000000000000000000, S_000002d397d6be50 {0 0 0};
    %pushi/vec4 0, 0, 1;
    %store/vec4 v000002d397ca8180_0, 0, 1;
    %pushi/vec4 0, 0, 1;
    %store/vec4 v000002d397ca85e0_0, 0, 1;
    %pushi/vec4 0, 0, 1;
    %store/vec4 v000002d397ca76e0_0, 0, 1;
    %pushi/vec4 0, 0, 16;
    %store/vec4 v000002d397ca8040_0, 0, 16;
    %pushi/vec4 0, 0, 16;
    %store/vec4 v000002d397ca80e0_0, 0, 16;
    %vpi_call 2 56 "$display", "--- Start Simulare ---" {0 0 0};
    %delay 20000, 0;
    %pushi/vec4 1, 0, 1;
    %store/vec4 v000002d397ca85e0_0, 0, 1;
    %delay 10000, 0;
    %vpi_call 2 67 "$display", "Timp: %0t -> Testare SOL PLAT...", $time {0 0 0};
    %pushi/vec4 15, 0, 32;
T_4.0 %dup/vec4;
    %pushi/vec4 0, 0, 32;
    %cmp/s;
    %jmp/1xz T_4.1, 5;
    %jmp/1 T_4.1, 4;
    %pushi/vec4 1, 0, 32;
    %sub;
    %wait E_000002d397c2b190;
    %pushi/vec4 1, 0, 1;
    %store/vec4 v000002d397ca76e0_0, 0, 1;
    %pushi/vec4 10, 0, 16;
    %store/vec4 v000002d397ca8040_0, 0, 16;
    %load/vec4 v000002d397ca80e0_0;
    %addi 10, 0, 16;
    %store/vec4 v000002d397ca80e0_0, 0, 16;
    %jmp T_4.0;
T_4.1 ;
    %pop/vec4 1;
    %vpi_call 2 81 "$display", "Timp: %0t -> Testare OBSTACOL...", $time {0 0 0};
    %pushi/vec4 10, 0, 32;
T_4.2 %dup/vec4;
    %pushi/vec4 0, 0, 32;
    %cmp/s;
    %jmp/1xz T_4.3, 5;
    %jmp/1 T_4.3, 4;
    %pushi/vec4 1, 0, 32;
    %sub;
    %wait E_000002d397c2b190;
    %pushi/vec4 1, 0, 1;
    %store/vec4 v000002d397ca76e0_0, 0, 1;
    %pushi/vec4 200, 0, 16;
    %store/vec4 v000002d397ca8040_0, 0, 16;
    %load/vec4 v000002d397ca80e0_0;
    %addi 10, 0, 16;
    %store/vec4 v000002d397ca80e0_0, 0, 16;
    %jmp T_4.2;
T_4.3 ;
    %pop/vec4 1;
    %vpi_call 2 95 "$display", "Timp: %0t -> Revenire la SOL...", $time {0 0 0};
    %pushi/vec4 15, 0, 32;
T_4.4 %dup/vec4;
    %pushi/vec4 0, 0, 32;
    %cmp/s;
    %jmp/1xz T_4.5, 5;
    %jmp/1 T_4.5, 4;
    %pushi/vec4 1, 0, 32;
    %sub;
    %wait E_000002d397c2b190;
    %pushi/vec4 1, 0, 1;
    %store/vec4 v000002d397ca76e0_0, 0, 1;
    %pushi/vec4 10, 0, 16;
    %store/vec4 v000002d397ca8040_0, 0, 16;
    %load/vec4 v000002d397ca80e0_0;
    %addi 10, 0, 16;
    %store/vec4 v000002d397ca80e0_0, 0, 16;
    %jmp T_4.4;
T_4.5 ;
    %pop/vec4 1;
    %wait E_000002d397c2b190;
    %pushi/vec4 0, 0, 1;
    %store/vec4 v000002d397ca76e0_0, 0, 1;
    %delay 50000, 0;
    %vpi_call 2 111 "$display", "--- Final Simulare ---" {0 0 0};
    %vpi_call 2 112 "$finish" {0 0 0};
    %end;
    .thread T_4;
# The file index is used to find the file name in the following table.
:file_names 4;
    "N/A";
    "<interactive>";
    "tb_lidar.v";
    "lidar_segmentation.v";
